# JRE version: OpenJDK Runtime Environment (8.0_212-b04) (build 1.8.0_212-release-1586-b04)
# Java VM: OpenJDK 64-Bit Server VM (25.212-b04 mixed mode windows-amd64 compressed oops)
Heap:
 PSYoungGen      total 70656K, used 24116K [0x00000000e0000000, 0x00000000e4a00000, 0x0000000100000000)
  eden space 65536K, 28% used [0x00000000e0000000,0x00000000e128e428,0x00000000e4000000)
  from space 5120K, 99% used [0x00000000e4500000,0x00000000e49feca0,0x00000000e4a00000)
  to   space 5120K, 0% used [0x00000000e4000000,0x00000000e4000000,0x00000000e4500000)
 ParOldGen       total 63488K, used 30693K [0x00000000a0000000, 0x00000000a3e00000, 0x00000000e0000000)
  object space 63488K, 48% used [0x00000000a0000000,0x00000000a1df95f0,0x00000000a3e00000)
 Metaspace       used 46437K, capacity 47546K, committed 47912K, reserved 1091584K
  class space    used 6270K, capacity 6577K, committed 6696K, reserved 1048576K
GC Heap History (10 events):
Event: 2.987 GC heap before
{Heap before GC invocations=8 (full 1):
 PSYoungGen      total 70656K, used 70627K [0x00000000e0000000, 0x00000000e4a00000, 0x0000000100000000)
  eden space 65536K, 100% used [0x00000000e0000000,0x00000000e4000000,0x00000000e4000000)
  from space 5120K, 99% used [0x00000000e4500000,0x00000000e49f8c80,0x00000000e4a00000)
  to   space 5120K, 0% used [0x00000000e4000000,0x00000000e4000000,0x00000000e4500000)
 ParOldGen       total 63488K, used 13444K [0x00000000a0000000, 0x00000000a3e00000, 0x00000000e0000000)
  object space 63488K, 21% used [0x00000000a0000000,0x00000000a0d21040,0x00000000a3e00000)
 Metaspace       used 32159K, capacity 32698K, committed 32896K, reserved 1077248K
  class space    used 4436K, capacity 4642K, committed 4736K, reserved 1048576K
Event: 2.994 GC heap after
Heap after GC invocations=8 (full 1):
 PSYoungGen      total 70656K, used 5104K [0x00000000e0000000, 0x00000000e4a00000, 0x0000000100000000)
  eden space 65536K, 0% used [0x00000000e0000000,0x00000000e0000000,0x00000000e4000000)
  from space 5120K, 99% used [0x00000000e4000000,0x00000000e44fc010,0x00000000e4500000)
  to   space 5120K, 0% used [0x00000000e4500000,0x00000000e4500000,0x00000000e4a00000)
 ParOldGen       total 63488K, used 16960K [0x00000000a0000000, 0x00000000a3e00000, 0x00000000e0000000)
  object space 63488K, 26% used [0x00000000a0000000,0x00000000a10903c0,0x00000000a3e00000)
 Metaspace       used 32159K, capacity 32698K, committed 32896K, reserved 1077248K
  class space    used 4436K, capacity 4642K, committed 4736K, reserved 1048576K
}
Event: 3.407 GC heap before
{Heap before GC invocations=9 (full 1):
 PSYoungGen      total 70656K, used 55492K [0x00000000e0000000, 0x00000000e4a00000, 0x0000000100000000)
  eden space 65536K, 76% used [0x00000000e0000000,0x00000000e3135218,0x00000000e4000000)
  from space 5120K, 99% used [0x00000000e4000000,0x00000000e44fc010,0x00000000e4500000)
  to   space 5120K, 0% used [0x00000000e4500000,0x00000000e4500000,0x00000000e4a00000)
 ParOldGen       total 63488K, used 16960K [0x00000000a0000000, 0x00000000a3e00000, 0x00000000e0000000)
  object space 63488K, 26% used [0x00000000a0000000,0x00000000a10903c0,0x00000000a3e00000)
 Metaspace       used 34672K, capacity 35476K, committed 35496K, reserved 1079296K
  class space    used 4777K, capacity 5013K, committed 5032K, reserved 1048576K
Event: 3.418 GC heap after
Heap after GC invocations=9 (full 1):
 PSYoungGen      total 70656K, used 5120K [0x00000000e0000000, 0x00000000e4a00000, 0x0000000100000000)
  eden space 65536K, 0% used [0x00000000e0000000,0x00000000e0000000,0x00000000e4000000)
  from space 5120K, 100% used [0x00000000e4500000,0x00000000e4a00000,0x00000000e4a00000)
  to   space 5120K, 0% used [0x00000000e4000000,0x00000000e4000000,0x00000000e4500000)
 ParOldGen       total 63488K, used 21668K [0x00000000a0000000, 0x00000000a3e00000, 0x00000000e0000000)
  object space 63488K, 34% used [0x00000000a0000000,0x00000000a15293a0,0x00000000a3e00000)
 Metaspace       used 34672K, capacity 35476K, committed 35496K, reserved 1079296K
  class space    used 4777K, capacity 5013K, committed 5032K, reserved 1048576K
}
Event: 3.418 GC heap before
{Heap before GC invocations=10 (full 2):
 PSYoungGen      total 70656K, used 5120K [0x00000000e0000000, 0x00000000e4a00000, 0x0000000100000000)
  eden space 65536K, 0% used [0x00000000e0000000,0x00000000e0000000,0x00000000e4000000)
  from space 5120K, 100% used [0x00000000e4500000,0x00000000e4a00000,0x00000000e4a00000)
  to   space 5120K, 0% used [0x00000000e4000000,0x00000000e4000000,0x00000000e4500000)
 ParOldGen       total 63488K, used 21668K [0x00000000a0000000, 0x00000000a3e00000, 0x00000000e0000000)
  object space 63488K, 34% used [0x00000000a0000000,0x00000000a15293a0,0x00000000a3e00000)
 Metaspace       used 34672K, capacity 35476K, committed 35496K, reserved 1079296K
  class space    used 4777K, capacity 5013K, committed 5032K, reserved 1048576K
Event: 3.476 GC heap after
Heap after GC invocations=10 (full 2):
 PSYoungGen      total 70656K, used 0K [0x00000000e0000000, 0x00000000e4a00000, 0x0000000100000000)
  eden space 65536K, 0% used [0x00000000e0000000,0x00000000e0000000,0x00000000e4000000)
  from space 5120K, 0% used [0x00000000e4500000,0x00000000e4500000,0x00000000e4a00000)
  to   space 5120K, 0% used [0x00000000e4000000,0x00000000e4000000,0x00000000e4500000)
 ParOldGen       total 63488K, used 16900K [0x00000000a0000000, 0x00000000a3e00000, 0x00000000e0000000)
  object space 63488K, 26% used [0x00000000a0000000,0x00000000a1081000,0x00000000a3e00000)
 Metaspace       used 34616K, capacity 35284K, committed 35496K, reserved 1079296K
  class space    used 4759K, capacity 4981K, committed 5032K, reserved 1048576K
}
Event: 4.400 GC heap before
{Heap before GC invocations=11 (full 2):
 PSYoungGen      total 70656K, used 65536K [0x00000000e0000000, 0x00000000e4a00000, 0x0000000100000000)
  eden space 65536K, 100% used [0x00000000e0000000,0x00000000e4000000,0x00000000e4000000)
  from space 5120K, 0% used [0x00000000e4500000,0x00000000e4500000,0x00000000e4a00000)
  to   space 5120K, 0% used [0x00000000e4000000,0x00000000e4000000,0x00000000e4500000)
 ParOldGen       total 63488K, used 16900K [0x00000000a0000000, 0x00000000a3e00000, 0x00000000e0000000)
  object space 63488K, 26% used [0x00000000a0000000,0x00000000a1081000,0x00000000a3e00000)
 Metaspace       used 42326K, capacity 43112K, committed 43432K, reserved 1087488K
  class space    used 5729K, capacity 5954K, committed 6056K, reserved 1048576K
Event: 4.409 GC heap after
Heap after GC invocations=11 (full 2):
 PSYoungGen      total 70656K, used 5119K [0x00000000e0000000, 0x00000000e4a00000, 0x0000000100000000)
  eden space 65536K, 0% used [0x00000000e0000000,0x00000000e0000000,0x00000000e4000000)
  from space 5120K, 99% used [0x00000000e4000000,0x00000000e44ffcd0,0x00000000e4500000)
  to   space 5120K, 0% used [0x00000000e4500000,0x00000000e4500000,0x00000000e4a00000)
 ParOldGen       total 63488K, used 25439K [0x00000000a0000000, 0x00000000a3e00000, 0x00000000e0000000)
  object space 63488K, 40% used [0x00000000a0000000,0x00000000a18d7f08,0x00000000a3e00000)
 Metaspace       used 42326K, capacity 43112K, committed 43432K, reserved 1087488K
  class space    used 5729K, capacity 5954K, committed 6056K, reserved 1048576K
}
Event: 4.841 GC heap before
{Heap before GC invocations=12 (full 2):
 PSYoungGen      total 70656K, used 70655K [0x00000000e0000000, 0x00000000e4a00000, 0x0000000100000000)
  eden space 65536K, 100% used [0x00000000e0000000,0x00000000e4000000,0x00000000e4000000)
  from space 5120K, 99% used [0x00000000e4000000,0x00000000e44ffcd0,0x00000000e4500000)
  to   space 5120K, 0% used [0x00000000e4500000,0x00000000e4500000,0x00000000e4a00000)
 ParOldGen       total 63488K, used 25439K [0x00000000a0000000, 0x00000000a3e00000, 0x00000000e0000000)
  object space 63488K, 40% used [0x00000000a0000000,0x00000000a18d7f08,0x00000000a3e00000)
 Metaspace       used 45345K, capacity 46384K, committed 46632K, reserved 1089536K
  class space    used 6118K, capacity 6414K, committed 6440K, reserved 1048576K
Event: 4.851 GC heap after
Heap after GC invocations=12 (full 2):
 PSYoungGen      total 70656K, used 5115K [0x00000000e0000000, 0x00000000e4a00000, 0x0000000100000000)
  eden space 65536K, 0% used [0x00000000e0000000,0x00000000e0000000,0x00000000e4000000)
  from space 5120K, 99% used [0x00000000e4500000,0x00000000e49feca0,0x00000000e4a00000)
  to   space 5120K, 0% used [0x00000000e4000000,0x00000000e4000000,0x00000000e4500000)
 ParOldGen       total 63488K, used 30693K [0x00000000a0000000, 0x00000000a3e00000, 0x00000000e0000000)
  object space 63488K, 48% used [0x00000000a0000000,0x00000000a1df95f0,0x00000000a3e00000)
 Metaspace       used 45345K, capacity 46384K, committed 46632K, reserved 1089536K
  class space    used 6118K, capacity 6414K, committed 6440K, reserved 1048576K
}

