# JRE version: OpenJDK Runtime Environment (8.0_212-b04) (build 1.8.0_212-release-1586-b04)
# Java VM: OpenJDK 64-Bit Server VM (25.212-b04 mixed mode windows-amd64 compressed oops)
Heap:
 PSYoungGen      total 89600K, used 79556K [0x00000000e0000000, 0x00000000e6280000, 0x0000000100000000)
  eden space 80384K, 87% used [0x00000000e0000000,0x00000000e44b2718,0x00000000e4e80000)
  from space 9216K, 99% used [0x00000000e5980000,0x00000000e627eac8,0x00000000e6280000)
  to   space 10240K, 0% used [0x00000000e4e80000,0x00000000e4e80000,0x00000000e5880000)
 ParOldGen       total 79360K, used 17395K [0x00000000a0000000, 0x00000000a4d80000, 0x00000000e0000000)
  object space 79360K, 21% used [0x00000000a0000000,0x00000000a10fcdc0,0x00000000a4d80000)
 Metaspace       used 46336K, capacity 47408K, committed 47656K, reserved 1089536K
  class space    used 6258K, capacity 6575K, committed 6696K, reserved 1048576K
GC Heap History (10 events):
Event: 4.635 GC heap before
{Heap before GC invocations=10 (full 1):
 PSYoungGen      total 66048K, used 62199K [0x00000000e0000000, 0x00000000e4a00000, 0x0000000100000000)
  eden space 56320K, 100% used [0x00000000e0000000,0x00000000e3700000,0x00000000e3700000)
  from space 9728K, 60% used [0x00000000e4080000,0x00000000e463dfb0,0x00000000e4a00000)
  to   space 9728K, 0% used [0x00000000e3700000,0x00000000e3700000,0x00000000e4080000)
 ParOldGen       total 55808K, used 8136K [0x00000000a0000000, 0x00000000a3680000, 0x00000000e0000000)
  object space 55808K, 14% used [0x00000000a0000000,0x00000000a07f2100,0x00000000a3680000)
 Metaspace       used 31700K, capacity 32246K, committed 32512K, reserved 1077248K
  class space    used 4375K, capacity 4578K, committed 4608K, reserved 1048576K
Event: 4.643 GC heap after
Heap after GC invocations=10 (full 1):
 PSYoungGen      total 66048K, used 7990K [0x00000000e0000000, 0x00000000e6380000, 0x0000000100000000)
  eden space 56320K, 0% used [0x00000000e0000000,0x00000000e0000000,0x00000000e3700000)
  from space 9728K, 82% used [0x00000000e3700000,0x00000000e3ecd978,0x00000000e4080000)
  to   space 10240K, 0% used [0x00000000e5980000,0x00000000e5980000,0x00000000e6380000)
 ParOldGen       total 55808K, used 8144K [0x00000000a0000000, 0x00000000a3680000, 0x00000000e0000000)
  object space 55808K, 14% used [0x00000000a0000000,0x00000000a07f4100,0x00000000a3680000)
 Metaspace       used 31700K, capacity 32246K, committed 32512K, reserved 1077248K
  class space    used 4375K, capacity 4578K, committed 4608K, reserved 1048576K
}
Event: 5.510 GC heap before
{Heap before GC invocations=11 (full 1):
 PSYoungGen      total 66048K, used 64310K [0x00000000e0000000, 0x00000000e6380000, 0x0000000100000000)
  eden space 56320K, 100% used [0x00000000e0000000,0x00000000e3700000,0x00000000e3700000)
  from space 9728K, 82% used [0x00000000e3700000,0x00000000e3ecd978,0x00000000e4080000)
  to   space 10240K, 0% used [0x00000000e5980000,0x00000000e5980000,0x00000000e6380000)
 ParOldGen       total 55808K, used 8144K [0x00000000a0000000, 0x00000000a3680000, 0x00000000e0000000)
  object space 55808K, 14% used [0x00000000a0000000,0x00000000a07f4100,0x00000000a3680000)
 Metaspace       used 34383K, capacity 35168K, committed 35200K, reserved 1079296K
  class space    used 4760K, capacity 4973K, committed 4992K, reserved 1048576K
Event: 5.519 GC heap after
Heap after GC invocations=11 (full 1):
 PSYoungGen      total 89600K, used 7329K [0x00000000e0000000, 0x00000000e6280000, 0x0000000100000000)
  eden space 80384K, 0% used [0x00000000e0000000,0x00000000e0000000,0x00000000e4e80000)
  from space 9216K, 79% used [0x00000000e5980000,0x00000000e60a8580,0x00000000e6280000)
  to   space 10240K, 0% used [0x00000000e4e80000,0x00000000e4e80000,0x00000000e5880000)
 ParOldGen       total 55808K, used 11472K [0x00000000a0000000, 0x00000000a3680000, 0x00000000e0000000)
  object space 55808K, 20% used [0x00000000a0000000,0x00000000a0b34130,0x00000000a3680000)
 Metaspace       used 34383K, capacity 35168K, committed 35200K, reserved 1079296K
  class space    used 4760K, capacity 4973K, committed 4992K, reserved 1048576K
}
Event: 5.561 GC heap before
{Heap before GC invocations=12 (full 1):
 PSYoungGen      total 89600K, used 10632K [0x00000000e0000000, 0x00000000e6280000, 0x0000000100000000)
  eden space 80384K, 4% used [0x00000000e0000000,0x00000000e0339c38,0x00000000e4e80000)
  from space 9216K, 79% used [0x00000000e5980000,0x00000000e60a8580,0x00000000e6280000)
  to   space 10240K, 0% used [0x00000000e4e80000,0x00000000e4e80000,0x00000000e5880000)
 ParOldGen       total 55808K, used 11472K [0x00000000a0000000, 0x00000000a3680000, 0x00000000e0000000)
  object space 55808K, 20% used [0x00000000a0000000,0x00000000a0b34130,0x00000000a3680000)
 Metaspace       used 34672K, capacity 35472K, committed 35496K, reserved 1079296K
  class space    used 4777K, capacity 5013K, committed 5032K, reserved 1048576K
Event: 5.566 GC heap after
Heap after GC invocations=12 (full 1):
 PSYoungGen      total 90624K, used 583K [0x00000000e0000000, 0x00000000e6280000, 0x0000000100000000)
  eden space 80384K, 0% used [0x00000000e0000000,0x00000000e0000000,0x00000000e4e80000)
  from space 10240K, 5% used [0x00000000e4e80000,0x00000000e4f11de0,0x00000000e5880000)
  to   space 9216K, 0% used [0x00000000e5980000,0x00000000e5980000,0x00000000e6280000)
 ParOldGen       total 55808K, used 16198K [0x00000000a0000000, 0x00000000a3680000, 0x00000000e0000000)
  object space 55808K, 29% used [0x00000000a0000000,0x00000000a0fd1a08,0x00000000a3680000)
 Metaspace       used 34672K, capacity 35472K, committed 35496K, reserved 1079296K
  class space    used 4777K, capacity 5013K, committed 5032K, reserved 1048576K
}
Event: 5.566 GC heap before
{Heap before GC invocations=13 (full 2):
 PSYoungGen      total 90624K, used 583K [0x00000000e0000000, 0x00000000e6280000, 0x0000000100000000)
  eden space 80384K, 0% used [0x00000000e0000000,0x00000000e0000000,0x00000000e4e80000)
  from space 10240K, 5% used [0x00000000e4e80000,0x00000000e4f11de0,0x00000000e5880000)
  to   space 9216K, 0% used [0x00000000e5980000,0x00000000e5980000,0x00000000e6280000)
 ParOldGen       total 55808K, used 16198K [0x00000000a0000000, 0x00000000a3680000, 0x00000000e0000000)
  object space 55808K, 29% used [0x00000000a0000000,0x00000000a0fd1a08,0x00000000a3680000)
 Metaspace       used 34672K, capacity 35472K, committed 35496K, reserved 1079296K
  class space    used 4777K, capacity 5013K, committed 5032K, reserved 1048576K
Event: 5.630 GC heap after
Heap after GC invocations=13 (full 2):
 PSYoungGen      total 90624K, used 0K [0x00000000e0000000, 0x00000000e6280000, 0x0000000100000000)
  eden space 80384K, 0% used [0x00000000e0000000,0x00000000e0000000,0x00000000e4e80000)
  from space 10240K, 0% used [0x00000000e4e80000,0x00000000e4e80000,0x00000000e5880000)
  to   space 9216K, 0% used [0x00000000e5980000,0x00000000e5980000,0x00000000e6280000)
 ParOldGen       total 79360K, used 15291K [0x00000000a0000000, 0x00000000a4d80000, 0x00000000e0000000)
  object space 79360K, 19% used [0x00000000a0000000,0x00000000a0eeefe8,0x00000000a4d80000)
 Metaspace       used 34616K, capacity 35280K, committed 35496K, reserved 1079296K
  class space    used 4759K, capacity 4981K, committed 5032K, reserved 1048576K
}
Event: 6.584 GC heap before
{Heap before GC invocations=14 (full 2):
 PSYoungGen      total 90624K, used 80384K [0x00000000e0000000, 0x00000000e6280000, 0x0000000100000000)
  eden space 80384K, 100% used [0x00000000e0000000,0x00000000e4e80000,0x00000000e4e80000)
  from space 10240K, 0% used [0x00000000e4e80000,0x00000000e4e80000,0x00000000e5880000)
  to   space 9216K, 0% used [0x00000000e5980000,0x00000000e5980000,0x00000000e6280000)
 ParOldGen       total 79360K, used 15291K [0x00000000a0000000, 0x00000000a4d80000, 0x00000000e0000000)
  object space 79360K, 19% used [0x00000000a0000000,0x00000000a0eeefe8,0x00000000a4d80000)
 Metaspace       used 43507K, capacity 44360K, committed 44584K, reserved 1087488K
  class space    used 5887K, capacity 6152K, committed 6184K, reserved 1048576K
Event: 6.592 GC heap after
Heap after GC invocations=14 (full 2):
 PSYoungGen      total 89600K, used 9210K [0x00000000e0000000, 0x00000000e6280000, 0x0000000100000000)
  eden space 80384K, 0% used [0x00000000e0000000,0x00000000e0000000,0x00000000e4e80000)
  from space 9216K, 99% used [0x00000000e5980000,0x00000000e627eac8,0x00000000e6280000)
  to   space 10240K, 0% used [0x00000000e4e80000,0x00000000e4e80000,0x00000000e5880000)
 ParOldGen       total 79360K, used 17395K [0x00000000a0000000, 0x00000000a4d80000, 0x00000000e0000000)
  object space 79360K, 21% used [0x00000000a0000000,0x00000000a10fcdc0,0x00000000a4d80000)
 Metaspace       used 43507K, capacity 44360K, committed 44584K, reserved 1087488K
  class space    used 5887K, capacity 6152K, committed 6184K, reserved 1048576K
}

